<?xml version="1.0" encoding="utf-8"?><testsuites name="pytest tests"><testsuite name="pytest" errors="0" failures="0" skipped="0" tests="120" time="103.580" timestamp="2026-05-19T18:03:11.254295+00:00" hostname="agent-env-b71e8d99-a152-406c-b32b-9e23d1bc7726"><testcase classname="tests.test_backend.TestHealth" name="test_root" time="0.166" /><testcase classname="tests.test_backend.TestAuth" name="test_me_without_session" time="0.077" /><testcase classname="tests.test_backend.TestAuth" name="test_me_with_session" time="0.224" /><testcase classname="tests.test_backend.TestSchools" name="test_list_schools" time="0.067" /><testcase classname="tests.test_backend.TestSchools" name="test_create_school" time="0.055" /><testcase classname="tests.test_backend.TestSchools" name="test_get_school" time="0.048" /><testcase classname="tests.test_backend.TestSchools" name="test_update_school" time="0.106" /><testcase classname="tests.test_backend.TestBasicSeed" name="test_seed_basic" time="0.131" /><testcase classname="tests.test_backend.TestBasicSeed" name="test_teachers_uppercase" time="0.055" /><testcase classname="tests.test_backend.TestDeepSeed" name="test_seed_full_then_idempotent" time="0.694" /><testcase classname="tests.test_backend.TestStats" name="test_stats_keys" time="0.055" /><testcase classname="tests.test_backend.TestGenericMaster" name="test_create_teacher_uppercase" time="0.048" /><testcase classname="tests.test_backend.TestGenericMaster" name="test_update_teacher_uppercase" time="0.053" /><testcase classname="tests.test_backend.TestGenericMaster" name="test_delete_teacher" time="0.130" /><testcase classname="tests.test_backend.TestGenericMaster" name="test_subject_crud" time="0.542" /><testcase classname="tests.test_backend.TestTimetable" name="test_upsert_and_clash" time="0.396" /><testcase classname="tests.test_backend.TestSubstitutionSuggester" name="test_suggest" time="9.779" /><testcase classname="tests.test_backend.TestSubstitutionsCRUD" name="test_create_and_list" time="0.153" /><testcase classname="tests.test_backend.TestNLConstraintParser" name="test_parse" time="3.343" /><testcase classname="tests.test_backend.TestLogout" name="test_logout" time="0.129" /><testcase classname="tests.test_backend.TestCellViolations" name="test_mn_in_p1_hard_violation" time="0.676" /><testcase classname="tests.test_backend.TestValidateEndpoint" name="test_hk_p1_violation_no_save" time="1.038" /><testcase classname="tests.test_backend.TestAutoGenerate" name="test_auto_generate_grade6a" time="0.234" /><testcase classname="tests.test_backend.TestAutoGenerate" name="test_no_mn_in_p1_after_autogen" time="0.200" /><testcase classname="tests.test_backend.TestBulkAllotments" name="test_bulk_mixed_valid_invalid" time="0.276" /><testcase classname="tests.test_backend.TestTeacherSchedule" name="test_teacher_schedule_after_autogen" time="0.145" /><testcase classname="tests.test_backend.TestTeacherSchedule" name="test_teacher_schedule_404" time="0.097" /><testcase classname="tests.test_backend.TestAuditEndpoint" name="test_audit_clean_class_after_autogen" time="0.220" /><testcase classname="tests.test_backend.TestAuditEndpoint" name="test_audit_detects_mn_p1_hard_violation" time="0.369" /><testcase classname="tests.test_backend.TestAuditEndpoint" name="test_audit_whole_school_returns_summary" time="0.101" /><testcase classname="tests.test_backend.TestOptimizeEndpoint" name="test_optimize_clean_class_returns_clean_message" time="15.337" /><testcase classname="tests.test_backend.TestOptimizeEndpoint" name="test_optimize_with_hard_violation_returns_suggestions" time="19.012" /><testcase classname="tests.test_backend.TestActivitiesCRUD" name="test_create_activity" time="0.096" /><testcase classname="tests.test_backend.TestActivitiesCRUD" name="test_list_activities" time="0.091" /><testcase classname="tests.test_backend.TestActivitiesCRUD" name="test_update_activity" time="0.094" /><testcase classname="tests.test_backend.TestActivitiesCRUD" name="test_delete_activity" time="0.192" /><testcase classname="tests.test_backend.TestRefactorIntegrity" name="test_server_file_is_slim" time="0.000" /><testcase classname="tests.test_backend.TestRefactorIntegrity" name="test_all_router_modules_exist" time="0.000" /><testcase classname="tests.test_backend.TestAuditAll" name="test_audit_all_shape" time="0.102" /><testcase classname="tests.test_backend.TestAuditAll" name="test_audit_all_detects_injected_hard" time="0.632" /><testcase classname="tests.test_backend.TestApplySuggestion" name="test_move_and_revert" time="0.425" /><testcase classname="tests.test_backend.TestConstraintsSimilar" name="test_similar_teacher_mn" time="0.096" /><testcase classname="tests.test_backend.TestConstraintsSimilar" name="test_similar_no_match" time="0.104" /><testcase classname="tests.test_backend.TestOptimizeStructured" name="test_optimize_structured_is_list" time="16.271" /><testcase classname="tests.test_backend.TestPDFExports" name="test_class_timetable_pdf" time="0.497" /><testcase classname="tests.test_backend.TestPDFExports" name="test_teacher_schedule_pdf" time="0.155" /><testcase classname="tests.test_backend.TestPDFExports" name="test_class_timetable_pdf_404" time="0.097" /><testcase classname="tests.test_backend.TestPDFExports" name="test_teacher_schedule_pdf_404" time="0.101" /><testcase classname="tests.test_backend.TestFacilitiesCRUD" name="test_create_indoor_facility" time="0.096" /><testcase classname="tests.test_backend.TestFacilitiesCRUD" name="test_create_outdoor_shared_facility" time="0.100" /><testcase classname="tests.test_backend.TestFacilitiesCRUD" name="test_list_facilities" time="0.096" /><testcase classname="tests.test_backend.TestFacilitiesCRUD" name="test_update_facility" time="0.097" /><testcase classname="tests.test_backend.TestFacilitiesCRUD" name="test_delete_facility" time="0.289" /><testcase classname="tests.test_backend.TestFacilityClash" name="test_facility_clash_detected_and_shared_does_not_clash" time="0.909" /><testcase classname="tests.test_backend.TestFacilityConflictsEndpoint" name="test_facility_conflicts_returns_list" time="0.097" /><testcase classname="tests.test_backend.TestStatsAndSuperAdminFacilities" name="test_stats_includes_facilities" time="0.099" /><testcase classname="tests.test_backend.TestStatsAndSuperAdminFacilities" name="test_super_admin_dashboard_includes_facilities" time="0.080" /><testcase classname="tests.test_backend.TestClassesStandardDivision" name="test_create_class_with_new_fields" time="0.243" /><testcase classname="tests.test_backend.TestClassesStandardDivision" name="test_get_class_persisted_new_fields" time="0.097" /><testcase classname="tests.test_backend.TestClassesStandardDivision" name="test_update_class_new_fields" time="0.153" /><testcase classname="tests.test_backend.TestClassesStandardDivision" name="test_delete_test_class_and_facility" time="0.142" /><testcase classname="tests.test_backend.TestMigrateStandardDivision" name="test_migrate_endpoint_idempotent" time="0.049" /><testcase classname="tests.test_backend.TestSectionsCRUDRegression" name="test_sections_crud" time="0.187" /><testcase classname="tests.test_backend.TestESSLDevicesCRUD" name="test_create_device" time="0.489" /><testcase classname="tests.test_backend.TestESSLDevicesCRUD" name="test_list_devices" time="0.091" /><testcase classname="tests.test_backend.TestESSLDevicesCRUD" name="test_update_device" time="0.148" /><testcase classname="tests.test_backend.TestESSLDevicesCRUD" name="test_delete_device" time="0.143" /><testcase classname="tests.test_backend.TestMigrateLabsToFacilities" name="test_migrate_idempotent" time="0.097" /><testcase classname="tests.test_backend.TestAttendanceImportFile" name="test_import_csv_inserts_two" time="0.552" /><testcase classname="tests.test_backend.TestAttendanceImportFile" name="test_reimport_dedups" time="0.154" /><testcase classname="tests.test_backend.TestAttendanceManual" name="test_create_manual_punch" time="0.144" /><testcase classname="tests.test_backend.TestAttendanceManual" name="test_manual_missing_fields_400" time="0.092" /><testcase classname="tests.test_backend.TestAttendanceListAndSummary" name="test_list_with_date_filter" time="0.093" /><testcase classname="tests.test_backend.TestAttendanceListAndSummary" name="test_summary_shape" time="0.093" /><testcase classname="tests.test_backend.TestAttendanceListAndSummary" name="test_delete_manual_punch" time="0.238" /><testcase classname="tests.test_backend.TestSyncESSLErrors" name="test_no_device_no_ip_400" time="0.091" /><testcase classname="tests.test_backend.TestSyncESSLErrors" name="test_unreachable_ip_502" time="16.115" /><testcase classname="tests.test_backend.TestActivityNewFields" name="test_create_with_new_fields" time="0.618" /><testcase classname="tests.test_backend.TestActivityNewFields" name="test_cleanup" time="0.151" /><testcase classname="tests.test_backend.TestFacilityLabType" name="test_create_lab_facility" time="0.578" /><testcase classname="tests.test_backend.TestPlaceActivityBroadcast" name="test_broadcast_to_target_classes" time="0.758" /><testcase classname="tests.test_backend.TestTeacherScheduleScoping" name="test_admin_sees_any_teacher" time="0.519" /><testcase classname="tests.test_backend.TestTeacherScheduleScoping" name="test_teacher_role_mismatched_email_403" time="0.365" /><testcase classname="tests.test_backend.TestTeacherScheduleScoping" name="test_teacher_role_matching_email_200" time="0.323" /><testcase classname="tests.test_backend.TestPermissionsVocabulary" name="test_vocab_for_admin" time="0.051" /><testcase classname="tests.test_backend.TestMembersCRUD" name="test_list_members_admin" time="0.489" /><testcase classname="tests.test_backend.TestMembersCRUD" name="test_create_member_role_preset" time="0.050" /><testcase classname="tests.test_backend.TestMembersCRUD" name="test_create_member_custom_perms_filters_invalid" time="0.054" /><testcase classname="tests.test_backend.TestMembersCRUD" name="test_upsert_same_email_active" time="0.141" /><testcase classname="tests.test_backend.TestMembersCRUD" name="test_update_member" time="0.051" /><testcase classname="tests.test_backend.TestMembersCRUD" name="test_me_super_admin" time="0.047" /><testcase classname="tests.test_backend.TestMembersCRUD" name="test_me_non_admin_no_member_returns_empty" time="0.153" /><testcase classname="tests.test_backend.TestMembersCRUD" name="test_require_perm_403_non_admin" time="0.114" /><testcase classname="tests.test_backend.TestMembersCRUD" name="test_delete_member_pulls_school_from_user" time="0.152" /><testcase classname="tests.test_backend.TestAutoFromAttendance" name="test_bad_date_400" time="0.456" /><testcase classname="tests.test_backend.TestAutoFromAttendance" name="test_absent_teacher_creates_subs_and_idempotent" time="0.307" /><testcase classname="tests.test_backend.TestAutoMatchFacilities" name="test_preview_then_apply" time="0.612" /><testcase classname="tests.test_iter9.TestMastersPermGating" name="test_setup_viewer_member" time="0.069" /><testcase classname="tests.test_iter9.TestMastersPermGating" name="test_create_forbidden_for_viewer[teachers-payload0]" time="0.115" /><testcase classname="tests.test_iter9.TestMastersPermGating" name="test_create_forbidden_for_viewer[subjects-payload1]" time="0.111" /><testcase classname="tests.test_iter9.TestMastersPermGating" name="test_create_forbidden_for_viewer[classes-payload2]" time="0.115" /><testcase classname="tests.test_iter9.TestMastersPermGating" name="test_create_forbidden_for_viewer[facilities-payload3]" time="0.117" /><testcase classname="tests.test_iter9.TestMastersPermGating" name="test_create_forbidden_for_viewer[sections-payload4]" time="0.122" /><testcase classname="tests.test_iter9.TestMastersPermGating" name="test_create_forbidden_for_viewer[activities-payload5]" time="0.161" /><testcase classname="tests.test_iter9.TestMastersPermGating" name="test_create_forbidden_for_viewer[shifts-payload6]" time="0.102" /><testcase classname="tests.test_iter9.TestMastersPermGating" name="test_create_forbidden_for_viewer[periods-payload7]" time="0.141" /><testcase classname="tests.test_iter9.TestMastersPermGating" name="test_create_forbidden_for_viewer[allotments-payload8]" time="0.109" /><testcase classname="tests.test_iter9.TestMastersPermGating" name="test_create_forbidden_for_viewer[constraints-payload9]" time="0.124" /><testcase classname="tests.test_iter9.TestMastersPermGating" name="test_create_forbidden_for_viewer[labs-payload10]" time="0.110" /><testcase classname="tests.test_iter9.TestMastersPermGating" name="test_essl_devices_requires_attendance_manage" time="0.140" /><testcase classname="tests.test_iter9.TestMastersPermGating" name="test_get_endpoints_open_for_member" time="0.758" /><testcase classname="tests.test_iter9.TestMastersPermGating" name="test_bulk_allotments_requires_perm" time="0.175" /><testcase classname="tests.test_iter9.TestMastersPermGating" name="test_grant_perm_then_create_succeeds" time="0.155" /><testcase classname="tests.test_iter9.TestAutoSyncSchoolFields" name="test_put_school_persists_autosync_fields" time="0.107" /><testcase classname="tests.test_iter9.TestAutoSyncSchoolFields" name="test_put_school_disable_autosync" time="0.049" /><testcase classname="tests.test_iter9.TestAutoSyncSchoolFields" name="test_autosync_run_now_super_admin" time="0.047" /><testcase classname="tests.test_iter9.TestAutoSyncSchoolFields" name="test_autosync_run_now_requires_attendance_manage" time="0.117" /><testcase classname="tests.test_iter9.TestConfirmAllAndNotify" name="test_confirm_all_twilio_not_configured" time="0.053" /><testcase classname="tests.test_iter9.TestConfirmAllAndNotify" name="test_dry_run_does_not_flip" time="0.050" /><testcase classname="tests.test_iter9.TestConfirmAllAndNotify" name="test_confirm_all_requires_substitutions_manage" time="0.122" /></testsuite></testsuites>